<?xml version="1.0" encoding="utf-8" standalone="yes"?>
<coverage line-rate="0.945128385508266" branch-rate="0.61949685534591192" complexity="1055" version="1.9" timestamp="1744357396" lines-covered="2687" lines-valid="2843" branches-covered="394" branches-valid="636">
  <packages>
    <package line-rate="1" branch-rate="0.53238866396761131" complexity="646" name="offers.itacademy.ge.Application.Tests">
      <classes>
        <class line-rate="1" branch-rate="1" complexity="7" name="offers.itacademy.ge.Application.Tests.UnitOfWorkFixture" filename="C:\Users\irakl\Desktop\TBC .Net Course\Final Project\offers.itacademy.ge.Application.Tests\UnitOfWorkFixture.cs">
          <methods>
            <method line-rate="1" branch-rate="1" complexity="1" name="get_UnitOfWorkMock" signature="()">
              <lines>
                <line number="9" hits="1" branch="False" />
              </lines>
            </method>
            <method line-rate="1" branch-rate="1" complexity="1" name="get_UserRepositoryMock" signature="()">
              <lines>
                <line number="10" hits="1" branch="False" />
              </lines>
            </method>
            <method line-rate="1" branch-rate="1" complexity="1" name="get_PurchaseRepositoryMock" signature="()">
              <lines>
                <line number="11" hits="1" branch="False" />
              </lines>
            </method>
            <method line-rate="1" branch-rate="1" complexity="1" name="get_ProductOfferRepositoryMock" signature="()">
              <lines>
                <line number="12" hits="1" branch="False" />
              </lines>
            </method>
            <method line-rate="1" branch-rate="1" complexity="1" name="get_CategoryRepositoryMock" signature="()">
              <lines>
                <line number="13" hits="1" branch="False" />
              </lines>
            </method>
            <method line-rate="1" branch-rate="1" complexity="1" name=".ctor" signature="()">
              <lines>
                <line number="16" hits="1" branch="False" />
                <line number="17" hits="1" branch="False" />
                <line number="18" hits="1" branch="False" />
                <line number="19" hits="1" branch="False" />
                <line number="20" hits="1" branch="False" />
                <line number="21" hits="1" branch="False" />
                <line number="22" hits="1" branch="False" />
                <line number="25" hits="1" branch="False" />
                <line number="26" hits="1" branch="False" />
                <line number="27" hits="1" branch="False" />
                <line number="28" hits="1" branch="False" />
                <line number="29" hits="1" branch="False" />
                <line number="31" hits="1" branch="False" />
              </lines>
            </method>
            <method line-rate="1" branch-rate="1" complexity="1" name="Dispose" signature="()">
              <lines>
                <line number="34" hits="1" branch="False" />
                <line number="36" hits="1" branch="False" />
              </lines>
            </method>
          </methods>
          <lines>
            <line number="9" hits="1" branch="False" />
            <line number="10" hits="1" branch="False" />
            <line number="11" hits="1" branch="False" />
            <line number="12" hits="1" branch="False" />
            <line number="13" hits="1" branch="False" />
            <line number="16" hits="1" branch="False" />
            <line number="17" hits="1" branch="False" />
            <line number="18" hits="1" branch="False" />
            <line number="19" hits="1" branch="False" />
            <line number="20" hits="1" branch="False" />
            <line number="21" hits="1" branch="False" />
            <line number="22" hits="1" branch="False" />
            <line number="25" hits="1" branch="False" />
            <line number="26" hits="1" branch="False" />
            <line number="27" hits="1" branch="False" />
            <line number="28" hits="1" branch="False" />
            <line number="29" hits="1" branch="False" />
            <line number="31" hits="1" branch="False" />
            <line number="34" hits="1" branch="False" />
            <line number="36" hits="1" branch="False" />
          </lines>
        </class>
        <class line-rate="1" branch-rate="0.9285714285714286" complexity="32" name="offers.itacademy.ge.Application.Tests.ValidationUtilsTests" filename="C:\Users\irakl\Desktop\TBC .Net Course\Final Project\offers.itacademy.ge.Application.Tests\ValidationTests.cs">
          <methods>
            <method line-rate="1" branch-rate="1" complexity="1" name="ValidatePagination_ShouldThrow_WhenPageNumberOrSizeIsInvalid" signature="(int, int)">
              <lines>
                <line number="21" hits="1" branch="False" />
                <line number="22" hits="1" branch="False" />
                <line number="24" hits="1" branch="False" />
                <line number="25" hits="1" branch="False" />
              </lines>
            </method>
            <method line-rate="1" branch-rate="1" complexity="1" name="ValidatePagination_ShouldNotThrow_WhenPageNumberAndSizeAreValid" signature="(int, int)">
              <lines>
                <line number="32" hits="1" branch="False" />
                <line number="33" hits="1" branch="False" />
                <line number="35" hits="1" branch="False" />
                <line number="36" hits="1" branch="False" />
              </lines>
            </method>
            <method line-rate="1" branch-rate="1" complexity="2" name="ValidateOfferForPurchase_ShouldThrowNotFound_WhenOfferIsNull" signature="()">
              <lines>
                <line number="44" hits="1" branch="False" />
                <line number="45" hits="1" branch="True" condition-coverage="100% (2/2)">
                  <conditions>
                    <condition number="0" type="jump" coverage="100%" />
                  </conditions>
                </line>
                <line number="47" hits="1" branch="False" />
                <line number="48" hits="1" branch="False" />
              </lines>
            </method>
            <method line-rate="1" branch-rate="1" complexity="1" name="ValidateOfferForPurchase_ShouldThrowPurchaseException_WhenQuantityExceedsStock" signature="()">
              <lines>
                <line number="52" hits="1" branch="False" />
                <line number="53" hits="1" branch="False" />
                <line number="55" hits="1" branch="False" />
                <line number="57" hits="1" branch="False" />
                <line number="58" hits="1" branch="False" />
              </lines>
            </method>
            <method line-rate="1" branch-rate="1" complexity="1" name="ValidateOfferForPurchase_ShouldThrowPurchaseException_WhenOfferNotActive" signature="(offers.itacademy.ge.Domain.ProductOffers.OfferStatus)">
              <lines>
                <line number="64" hits="1" branch="False" />
                <line number="65" hits="1" branch="False" />
                <line number="67" hits="1" branch="False" />
                <line number="69" hits="1" branch="False" />
                <line number="70" hits="1" branch="False" />
              </lines>
            </method>
            <method line-rate="1" branch-rate="1" complexity="1" name="ValidateOfferForPurchase_ShouldNotThrow_WhenValid" signature="()">
              <lines>
                <line number="74" hits="1" branch="False" />
                <line number="75" hits="1" branch="False" />
                <line number="77" hits="1" branch="False" />
                <line number="79" hits="1" branch="False" />
                <line number="80" hits="1" branch="False" />
              </lines>
            </method>
            <method line-rate="1" branch-rate="1" complexity="2" name="ValidateCustomerForPurchase_ShouldThrowNotFound_WhenCustomerIsNull" signature="()">
              <lines>
                <line number="87" hits="1" branch="False" />
                <line number="88" hits="1" branch="True" condition-coverage="100% (2/2)">
                  <conditions>
                    <condition number="0" type="jump" coverage="100%" />
                  </conditions>
                </line>
                <line number="90" hits="1" branch="False" />
                <line number="91" hits="1" branch="False" />
              </lines>
            </method>
            <method line-rate="1" branch-rate="1" complexity="1" name="ValidateCustomerForPurchase_ShouldThrowPurchaseException_WhenInsufficientFunds" signature="()">
              <lines>
                <line number="95" hits="1" branch="False" />
                <line number="96" hits="1" branch="False" />
                <line number="98" hits="1" branch="False" />
                <line number="100" hits="1" branch="False" />
                <line number="101" hits="1" branch="False" />
              </lines>
            </method>
            <method line-rate="1" branch-rate="1" complexity="1" name="ValidateCustomerForPurchase_ShouldNotThrow_WhenValid" signature="()">
              <lines>
                <line number="105" hits="1" branch="False" />
                <line number="106" hits="1" branch="False" />
                <line number="108" hits="1" branch="False" />
                <line number="110" hits="1" branch="False" />
                <line number="111" hits="1" branch="False" />
              </lines>
            </method>
            <method line-rate="1" branch-rate="1" complexity="2" name="ValidatePurchaseForCancellation_ShouldThrowNotFound_WhenPurchaseIsNull" signature="()">
              <lines>
                <line number="119" hits="1" branch="False" />
                <line number="120" hits="1" branch="True" condition-coverage="100% (2/2)">
                  <conditions>
                    <condition number="0" type="jump" coverage="100%" />
                  </conditions>
                </line>
                <line number="122" hits="1" branch="False" />
                <line number="123" hits="1" branch="False" />
              </lines>
            </method>
            <method line-rate="1" branch-rate="1" complexity="1" name="ValidatePurchaseForCancellation_ShouldThrowUnauthorized_WhenCustomerIdMismatch" signature="()">
              <lines>
                <line number="127" hits="1" branch="False" />
                <line number="128" hits="1" branch="False" />
                <line number="130" hits="1" branch="False" />
                <line number="132" hits="1" branch="False" />
                <line number="133" hits="1" branch="False" />
              </lines>
            </method>
            <method line-rate="1" branch-rate="0.75" complexity="4" name="ValidatePurchaseForCancellation_ShouldThrowInvalidCancellation_WhenDetailsMissing" signature="(bool, bool)">
              <lines>
                <line number="139" hits="1" branch="False" />
                <line number="140" hits="1" branch="True" condition-coverage="75% (3/4)">
                  <conditions>
                    <condition number="0" type="jump" coverage="100%" />
                    <condition number="1" type="jump" coverage="50%" />
                  </conditions>
                </line>
                <line number="141" hits="1" branch="False" />
                <line number="142" hits="1" branch="False" />
                <line number="143" hits="1" branch="False" />
                <line number="144" hits="1" branch="False" />
                <line number="145" hits="1" branch="False" />
                <line number="146" hits="1" branch="False" />
                <line number="147" hits="1" branch="False" />
                <line number="149" hits="1" branch="False" />
                <line number="151" hits="1" branch="False" />
                <line number="152" hits="1" branch="False" />
              </lines>
            </method>
            <method line-rate="1" branch-rate="1" complexity="1" name="ValidatePurchaseForCancellation_ShouldThrowInvalidCancellation_WhenWindowExpired" signature="()">
              <lines>
                <line number="156" hits="1" branch="False" />
                <line number="157" hits="1" branch="False" />
                <line number="158" hits="1" branch="False" />
                <line number="159" hits="1" branch="False" />
                <line number="160" hits="1" branch="False" />
                <line number="161" hits="1" branch="False" />
                <line number="162" hits="1" branch="False" />
                <line number="164" hits="1" branch="False" />
                <line number="166" hits="1" branch="False" />
                <line number="167" hits="1" branch="False" />
              </lines>
            </method>
            <method line-rate="1" branch-rate="1" complexity="1" name="ValidatePurchaseForCancellation_ShouldThrowInvalidCancellation_WhenAlreadyCancelled" signature="()">
              <lines>
                <line number="171" hits="1" branch="False" />
                <line number="172" hits="1" branch="False" />
                <line number="173" hits="1" branch="False" />
                <line number="174" hits="1" branch="False" />
                <line number="175" hits="1" branch="False" />
                <line number="176" hits="1" branch="False" />
                <line number="177" hits="1" branch="False" />
                <line number="179" hits="1" branch="False" />
                <line number="181" hits="1" branch="False" />
                <line number="182" hits="1" branch="False" />
              </lines>
            </method>
            <method line-rate="1" branch-rate="1" complexity="1" name="ValidatePurchaseForCancellation_ShouldNotThrow_WhenValid" signature="()">
              <lines>
                <line number="186" hits="1" branch="False" />
                <line number="187" hits="1" branch="False" />
                <line number="188" hits="1" branch="False" />
                <line number="189" hits="1" branch="False" />
                <line number="190" hits="1" branch="False" />
                <line number="191" hits="1" branch="False" />
                <line number="192" hits="1" branch="False" />
                <line number="194" hits="1" branch="False" />
                <line number="196" hits="1" branch="False" />
                <line number="197" hits="1" branch="False" />
              </lines>
            </method>
            <method line-rate="1" branch-rate="1" complexity="1" name="ValidateProductOfferForUpdate_ShouldPass_WhenOfferIsValid" signature="()">
              <lines>
                <line number="205" hits="1" branch="False" />
                <line number="206" hits="1" branch="False" />
                <line number="208" hits="1" branch="False" />
                <line number="210" hits="1" branch="False" />
                <line number="211" hits="1" branch="False" />
              </lines>
            </method>
            <method line-rate="1" branch-rate="1" complexity="2" name="ValidateProductOfferForUpdate_ShouldThrowNotFound_WhenOfferIsNull" signature="()">
              <lines>
                <line number="215" hits="1" branch="False" />
                <line number="216" hits="1" branch="True" condition-coverage="100% (2/2)">
                  <conditions>
                    <condition number="0" type="jump" coverage="100%" />
                  </conditions>
                </line>
                <line number="218" hits="1" branch="False" />
                <line number="219" hits="1" branch="False" />
              </lines>
            </method>
            <method line-rate="1" branch-rate="1" complexity="1" name="ValidateProductOfferForUpdate_ShouldThrowUnauthorized_WhenCompanyIdDoesNotMatch" signature="()">
              <lines>
                <line number="223" hits="1" branch="False" />
                <line number="224" hits="1" branch="False" />
                <line number="226" hits="1" branch="False" />
                <line number="228" hits="1" branch="False" />
                <line number="229" hits="1" branch="False" />
              </lines>
            </method>
            <method line-rate="1" branch-rate="1" complexity="1" name="ValidateProductOfferForUpdate_ShouldThrowInvalidOperation_WhenOfferIsNotActive" signature="(offers.itacademy.ge.Domain.ProductOffers.OfferStatus)">
              <lines>
                <line number="235" hits="1" branch="False" />
                <line number="236" hits="1" branch="False" />
                <line number="238" hits="1" branch="False" />
                <line number="240" hits="1" branch="False" />
                <line number="241" hits="1" branch="False" />
              </lines>
            </method>
            <method line-rate="1" branch-rate="1" complexity="1" name="ValidateOfferForCancel_ShouldPass_WhenOfferIsValid" signature="()">
              <lines>
                <line number="248" hits="1" branch="False" />
                <line number="249" hits="1" branch="False" />
                <line number="250" hits="1" branch="False" />
                <line number="251" hits="1" branch="False" />
                <line number="252" hits="1" branch="False" />
                <line number="253" hits="1" branch="False" />
                <line number="254" hits="1" branch="False" />
                <line number="255" hits="1" branch="False" />
                <line number="257" hits="1" branch="False" />
                <line number="259" hits="1" branch="False" />
                <line number="260" hits="1" branch="False" />
              </lines>
            </method>
            <method line-rate="1" branch-rate="1" complexity="2" name="ValidateOfferForCancel_ShouldThrowNotFound_WhenOfferIsNull" signature="()">
              <lines>
                <line number="264" hits="1" branch="False" />
                <line number="265" hits="1" branch="True" condition-coverage="100% (2/2)">
                  <conditions>
                    <condition number="0" type="jump" coverage="100%" />
                  </conditions>
                </line>
                <line number="267" hits="1" branch="False" />
                <line number="268" hits="1" branch="False" />
              </lines>
            </method>
            <method line-rate="1" branch-rate="1" complexity="1" name="ValidateOfferForCancel_ShouldThrowCancellationException_WhenTimeLimitExceeded" signature="()">
              <lines>
                <line number="272" hits="1" branch="False" />
                <line number="273" hits="1" branch="False" />
                <line number="274" hits="1" branch="False" />
                <line number="275" hits="1" branch="False" />
                <line number="276" hits="1" branch="False" />
                <line number="277" hits="1" branch="False" />
                <line number="278" hits="1" branch="False" />
                <line number="279" hits="1" branch="False" />
                <line number="281" hits="1" branch="False" />
                <line number="283" hits="1" branch="False" />
                <line number="284" hits="1" branch="False" />
              </lines>
            </method>
            <method line-rate="1" branch-rate="1" complexity="1" name="ValidateOfferForCancel_ShouldThrowInvalidOperation_WhenCompanyIsNull" signature="()">
              <lines>
                <line number="288" hits="1" branch="False" />
                <line number="289" hits="1" branch="False" />
                <line number="290" hits="1" branch="False" />
                <line number="291" hits="1" branch="False" />
                <line number="292" hits="1" branch="False" />
                <line number="293" hits="1" branch="False" />
                <line number="294" hits="1" branch="False" />
                <line number="295" hits="1" branch="False" />
                <line number="297" hits="1" branch="False" />
                <line number="299" hits="1" branch="False" />
                <line number="300" hits="1" branch="False" />
              </lines>
            </method>
            <method line-rate="1" branch-rate="1" complexity="1" name="ValidateOfferForCancel_ShouldThrowInvalidOperation_WhenPurchasesIsNull" signature="()">
              <lines>
                <line number="304" hits="1" branch="False" />
                <line number="305" hits="1" branch="False" />
                <line number="306" hits="1" branch="False" />
                <line number="307" hits="1" branch="False" />
                <line number="308" hits="1" branch="False" />
                <line number="309" hits="1" branch="False" />
                <line number="310" hits="1" branch="False" />
                <line number="311" hits="1" branch="False" />
                <line number="313" hits="1" branch="False" />
                <line number="315" hits="1" branch="False" />
                <line number="316" hits="1" branch="False" />
              </lines>
            </method>
          </methods>
          <lines>
            <line number="21" hits="1" branch="False" />
            <line number="22" hits="1" branch="False" />
            <line number="24" hits="1" branch="False" />
            <line number="25" hits="1" branch="False" />
            <line number="32" hits="1" branch="False" />
            <line number="33" hits="1" branch="False" />
            <line number="35" hits="1" branch="False" />
            <line number="36" hits="1" branch="False" />
            <line number="44" hits="1" branch="False" />
            <line number="45" hits="1" branch="True" condition-coverage="100% (2/2)">
              <conditions>
                <condition number="0" type="jump" coverage="100%" />
              </conditions>
            </line>
            <line number="47" hits="1" branch="False" />
            <line number="48" hits="1" branch="False" />
            <line number="52" hits="1" branch="False" />
            <line number="53" hits="1" branch="False" />
            <line number="55" hits="1" branch="False" />
            <line number="57" hits="1" branch="False" />
            <line number="58" hits="1" branch="False" />
            <line number="64" hits="1" branch="False" />
            <line number="65" hits="1" branch="False" />
            <line number="67" hits="1" branch="False" />
            <line number="69" hits="1" branch="False" />
            <line number="70" hits="1" branch="False" />
            <line number="74" hits="1" branch="False" />
            <line number="75" hits="1" branch="False" />
            <line number="77" hits="1" branch="False" />
            <line number="79" hits="1" branch="False" />
            <line number="80" hits="1" branch="False" />
            <line number="87" hits="1" branch="False" />
            <line number="88" hits="1" branch="True" condition-coverage="100% (2/2)">
              <conditions>
                <condition number="0" type="jump" coverage="100%" />
              </conditions>
            </line>
            <line number="90" hits="1" branch="False" />
            <line number="91" hits="1" branch="False" />
            <line number="95" hits="1" branch="False" />
            <line number="96" hits="1" branch="False" />
            <line number="98" hits="1" branch="False" />
            <line number="100" hits="1" branch="False" />
            <line number="101" hits="1" branch="False" />
            <line number="105" hits="1" branch="False" />
            <line number="106" hits="1" branch="False" />
            <line number="108" hits="1" branch="False" />
            <line number="110" hits="1" branch="False" />
            <line number="111" hits="1" branch="False" />
            <line number="119" hits="1" branch="False" />
            <line number="120" hits="1" branch="True" condition-coverage="100% (2/2)">
              <conditions>
                <condition number="0" type="jump" coverage="100%" />
              </conditions>
            </line>
            <line number="122" hits="1" branch="False" />
            <line number="123" hits="1" branch="False" />
            <line number="127" hits="1" branch="False" />
            <line number="128" hits="1" branch="False" />
            <line number="130" hits="1" branch="False" />
            <line number="132" hits="1" branch="False" />
            <line number="133" hits="1" branch="False" />
            <line number="139" hits="1" branch="False" />
            <line number="140" hits="1" branch="True" condition-coverage="75% (3/4)">
              <conditions>
                <condition number="0" type="jump" coverage="100%" />
                <condition number="1" type="jump" coverage="50%" />
              </conditions>
            </line>
            <line number="141" hits="1" branch="False" />
            <line number="142" hits="1" branch="False" />
            <line number="143" hits="1" branch="False" />
            <line number="144" hits="1" branch="False" />
            <line number="145" hits="1" branch="False" />
            <line number="146" hits="1" branch="False" />
            <line number="147" hits="1" branch="False" />
            <line number="149" hits="1" branch="False" />
            <line number="151" hits="1" branch="False" />
            <line number="152" hits="1" branch="False" />
            <line number="156" hits="1" branch="False" />
            <line number="157" hits="1" branch="False" />
            <line number="158" hits="1" branch="False" />
            <line number="159" hits="1" branch="False" />
            <line number="160" hits="1" branch="False" />
            <line number="161" hits="1" branch="False" />
            <line number="162" hits="1" branch="False" />
            <line number="164" hits="1" branch="False" />
            <line number="166" hits="1" branch="False" />
            <line number="167" hits="1" branch="False" />
            <line number="171" hits="1" branch="False" />
            <line number="172" hits="1" branch="False" />
            <line number="173" hits="1" branch="False" />
            <line number="174" hits="1" branch="False" />
            <line number="175" hits="1" branch="False" />
            <line number="176" hits="1" branch="False" />
            <line number="177" hits="1" branch="False" />
            <line number="179" hits="1" branch="False" />
            <line number="181" hits="1" branch="False" />
            <line number="182" hits="1" branch="False" />
            <line number="186" hits="1" branch="False" />
            <line number="187" hits="1" branch="False" />
            <line number="188" hits="1" branch="False" />
            <line number="189" hits="1" branch="False" />
            <line number="190" hits="1" branch="False" />
            <line number="191" hits="1" branch="False" />
            <line number="192" hits="1" branch="False" />
            <line number="194" hits="1" branch="False" />
            <line number="196" hits="1" branch="False" />
            <line number="197" hits="1" branch="False" />
            <line number="205" hits="1" branch="False" />
            <line number="206" hits="1" branch="False" />
            <line number="208" hits="1" branch="False" />
            <line number="210" hits="1" branch="False" />
            <line number="211" hits="1" branch="False" />
            <line number="215" hits="1" branch="False" />
            <line number="216" hits="1" branch="True" condition-coverage="100% (2/2)">
              <conditions>
                <condition number="0" type="jump" coverage="100%" />
              </conditions>
            </line>
            <line number="218" hits="1" branch="False" />
            <line number="219" hits="1" branch="False" />
            <line number="223" hits="1" branch="False" />
            <line number="224" hits="1" branch="False" />
            <line number="226" hits="1" branch="False" />
            <line number="228" hits="1" branch="False" />
            <line number="229" hits="1" branch="False" />
            <line number="235" hits="1" branch="False" />
            <line number="236" hits="1" branch="False" />
            <line number="238" hits="1" branch="False" />
            <line number="240" hits="1" branch="False" />
            <line number="241" hits="1" branch="False" />
            <line number="248" hits="1" branch="False" />
            <line number="249" hits="1" branch="False" />
            <line number="250" hits="1" branch="False" />
            <line number="251" hits="1" branch="False" />
            <line number="252" hits="1" branch="False" />
            <line number="253" hits="1" branch="False" />
            <line number="254" hits="1" branch="False" />
            <line number="255" hits="1" branch="False" />
            <line number="257" hits="1" branch="False" />
            <line number="259" hits="1" branch="False" />
            <line number="260" hits="1" branch="False" />
            <line number="264" hits="1" branch="False" />
            <line number="265" hits="1" branch="True" condition-coverage="100% (2/2)">
              <conditions>
                <condition number="0" type="jump" coverage="100%" />
              </conditions>
            </line>
            <line number="267" hits="1" branch="False" />
            <line number="268" hits="1" branch="False" />
            <line number="272" hits="1" branch="False" />
            <line number="273" hits="1" branch="False" />
            <line number="274" hits="1" branch="False" />
            <line number="275" hits="1" branch="False" />
            <line number="276" hits="1" branch="False" />
            <line number="277" hits="1" branch="False" />
            <line number="278" hits="1" branch="False" />
            <line number="279" hits="1" branch="False" />
            <line number="281" hits="1" branch="False" />
            <line number="283" hits="1" branch="False" />
            <line number="284" hits="1" branch="False" />
            <line number="288" hits="1" branch="False" />
            <line number="289" hits="1" branch="False" />
            <line number="290" hits="1" branch="False" />
            <line number="291" hits="1" branch="False" />
            <line number="292" hits="1" branch="False" />
            <line number="293" hits="1" branch="False" />
            <line number="294" hits="1" branch="False" />
            <line number="295" hits="1" branch="False" />
            <line number="297" hits="1" branch="False" />
            <line number="299" hits="1" branch="False" />
            <line number="300" hits="1" branch="False" />
            <line number="304" hits="1" branch="False" />
            <line number="305" hits="1" branch="False" />
            <line number="306" hits="1" branch="False" />
            <line number="307" hits="1" branch="False" />
            <line number="308" hits="1" branch="False" />
            <line number="309" hits="1" branch="False" />
            <line number="310" hits="1" branch="False" />
            <line number="311" hits="1" branch="False" />
            <line number="313" hits="1" branch="False" />
            <line number="315" hits="1" branch="False" />
            <line number="316" hits="1" branch="False" />
          </lines>
        </class>
        <class line-rate="1" branch-rate="1" complexity="8" name="offers.itacademy.ge.Application.Tests.Users.UserServiceTests" filename="C:\Users\irakl\Desktop\TBC .Net Course\Final Project\offers.itacademy.ge.Application.Tests\Users\UserServiceTests.cs">
          <methods>
            <method line-rate="1" branch-rate="1" complexity="1" name=".ctor" signature="(offers.itacademy.ge.Application.Tests.UnitOfWorkFixture)">
              <lines>
                <line number="32" hits="1" branch="False" />
                <line number="33" hits="1" branch="False" />
                <line number="34" hits="1" branch="False" />
                <line number="36" hits="1" branch="False" />
                <line number="37" hits="1" branch="False" />
                <line number="38" hits="1" branch="False" />
                <line number="40" hits="1" branch="False" />
                <line number="41" hits="1" branch="False" />
                <line number="42" hits="1" branch="False" />
                <line number="43" hits="1" branch="False" />
                <line number="44" hits="1" branch="False" />
                <line number="45" hits="1" branch="False" />
                <line number="46" hits="1" branch="False" />
                <line number="47" hits="1" branch="False" />
                <line number="48" hits="1" branch="False" />
                <line number="49" hits="1" branch="False" />
                <line number="50" hits="1" branch="False" />
                <line number="51" hits="1" branch="False" />
                <line number="52" hits="1" branch="False" />
                <line number="53" hits="1" branch="False" />
                <line number="54" hits="1" branch="False" />
                <line number="55" hits="1" branch="False" />
                <line number="56" hits="1" branch="False" />
                <line number="58" hits="1" branch="False" />
                <line number="59" hits="1" branch="False" />
                <line number="60" hits="1" branch="False" />
                <line number="61" hits="1" branch="False" />
              </lines>
            </method>
            <method line-rate="1" branch-rate="1" complexity="1" name="InvokeGenerateUser" signature="(offers.itacademy.ge.Application.Models.Users.UserRequestModel)">
              <lines>
                <line number="787" hits="1" branch="False" />
                <line number="788" hits="1" branch="False" />
                <line number="789" hits="1" branch="False" />
                <line number="790" hits="1" branch="False" />
              </lines>
            </method>
            <method line-rate="1" branch-rate="1" complexity="1" name="GenerateUser_ShouldReturnAdmin_WhenAdminRequestModel" signature="()">
              <lines>
                <line number="794" hits="1" branch="False" />
                <line number="796" hits="1" branch="False" />
                <line number="799" hits="1" branch="False" />
                <line number="802" hits="1" branch="False" />
                <line number="803" hits="1" branch="False" />
                <line number="804" hits="1" branch="False" />
                <line number="805" hits="1" branch="False" />
                <line number="806" hits="1" branch="False" />
                <line number="807" hits="1" branch="False" />
                <line number="808" hits="1" branch="False" />
                <line number="809" hits="1" branch="False" />
              </lines>
            </method>
            <method line-rate="1" branch-rate="1" complexity="1" name="GenerateUser_ShouldReturnCompany_WhenCompanyRequestModel" signature="()">
              <lines>
                <line number="813" hits="1" branch="False" />
                <line number="815" hits="1" branch="False" />
                <line number="818" hits="1" branch="False" />
                <line number="821" hits="1" branch="False" />
                <line number="822" hits="1" branch="False" />
                <line number="823" hits="1" branch="False" />
                <line number="824" hits="1" branch="False" />
                <line number="825" hits="1" branch="False" />
                <line number="826" hits="1" branch="False" />
                <line number="827" hits="1" branch="False" />
                <line number="828" hits="1" branch="False" />
              </lines>
            </method>
            <method line-rate="1" branch-rate="1" complexity="1" name="GenerateUser_ShouldReturnCustomer_WhenCustomerRequestModel" signature="()">
              <lines>
                <line number="832" hits="1" branch="False" />
                <line number="834" hits="1" branch="False" />
                <line number="837" hits="1" branch="False" />
                <line number="840" hits="1" branch="False" />
                <line number="841" hits="1" branch="False" />
                <line number="842" hits="1" branch="False" />
                <line number="843" hits="1" branch="False" />
                <line number="844" hits="1" branch="False" />
                <line number="845" hits="1" branch="False" />
                <line number="846" hits="1" branch="False" />
                <line number="847" hits="1" branch="False" />
              </lines>
            </method>
            <method line-rate="1" branch-rate="1" complexity="1" name="GenerateUser_ShouldThrowArgumentException_WhenInvalidModelType" signature="()">
              <lines>
                <line number="851" hits="1" branch="False" />
                <line number="853" hits="1" branch="False" />
                <line number="856" hits="1" branch="False" />
                <line number="857" hits="1" branch="False" />
                <line number="858" hits="1" branch="False" />
              </lines>
            </method>
            <method line-rate="1" branch-rate="1" complexity="1" name="&lt;ActivateCompanyAsync_ShouldThrowNotFound_WhenCompanyDoesNotExist&gt;b__10_1" signature="()">
              <lines>
                <line number="194" hits="1" branch="False" />
              </lines>
            </method>
            <method line-rate="1" branch-rate="1" complexity="1" name="&lt;ActivateCompanyAsync_ShouldThrowInvalidOperation_WhenCompanyAlreadyActivated&gt;b__11_1" signature="()">
              <lines>
                <line number="210" hits="1" branch="False" />
              </lines>
            </method>
          </methods>
          <lines>
            <line number="32" hits="1" branch="False" />
            <line number="33" hits="1" branch="False" />
            <line number="34" hits="1" branch="False" />
            <line number="36" hits="1" branch="False" />
            <line number="37" hits="1" branch="False" />
            <line number="38" hits="1" branch="False" />
            <line number="40" hits="1" branch="False" />
            <line number="41" hits="1" branch="False" />
            <line number="42" hits="1" branch="False" />
            <line number="43" hits="1" branch="False" />
            <line number="44" hits="1" branch="False" />
            <line number="45" hits="1" branch="False" />
            <line number="46" hits="1" branch="False" />
            <line number="47" hits="1" branch="False" />
            <line number="48" hits="1" branch="False" />
            <line number="49" hits="1" branch="False" />
            <line number="50" hits="1" branch="False" />
            <line number="51" hits="1" branch="False" />
            <line number="52" hits="1" branch="False" />
            <line number="53" hits="1" branch="False" />
            <line number="54" hits="1" branch="False" />
            <line number="55" hits="1" branch="False" />
            <line number="56" hits="1" branch="False" />
            <line number="58" hits="1" branch="False" />
            <line number="59" hits="1" branch="False" />
            <line number="60" hits="1" branch="False" />
            <line number="61" hits="1" branch="False" />
            <line number="194" hits="1" branch="False" />
            <line number="210" hits="1" branch="False" />
            <line number="787" hits="1" branch="False" />
            <line number="788" hits="1" branch="False" />
            <line number="789" hits="1" branch="False" />
            <line number="790" hits="1" branch="False" />
            <line number="794" hits="1" branch="False" />
            <line number="796" hits="1" branch="False" />
            <line number="799" hits="1" branch="False" />
            <line number="802" hits="1" branch="False" />
            <line number="803" hits="1" branch="False" />
            <line number="804" hits="1" branch="False" />
            <line number="805" hits="1" branch="False" />
            <line number="806" hits="1" branch="False" />
            <line number="807" hits="1" branch="False" />
            <line number="808" hits="1" branch="False" />
            <line number="809" hits="1" branch="False" />
            <line number="813" hits="1" branch="False" />
            <line number="815" hits="1" branch="False" />
            <line number="818" hits="1" branch="False" />
            <line number="821" hits="1" branch="False" />
            <line number="822" hits="1" branch="False" />
            <line number="823" hits="1" branch="False" />
            <line number="824" hits="1" branch="False" />
            <line number="825" hits="1" branch="False" />
            <line number="826" hits="1" branch="False" />
            <line number="827" hits="1" branch="False" />
            <line number="828" hits="1" branch="False" />
            <line number="832" hits="1" branch="False" />
            <line number="834" hits="1" branch="False" />
            <line number="837" hits="1" branch="False" />
            <line number="840" hits="1" branch="False" />
            <line number="841" hits="1" branch="False" />
            <line number="842" hits="1" branch="False" />
            <line number="843" hits="1" branch="False" />
            <line number="844" hits="1" branch="False" />
            <line number="845" hits="1" branch="False" />
            <line number="846" hits="1" branch="False" />
            <line number="847" hits="1" branch="False" />
            <line number="851" hits="1" branch="False" />
            <line number="853" hits="1" branch="False" />
            <line number="856" hits="1" branch="False" />
            <line number="857" hits="1" branch="False" />
            <line number="858" hits="1" branch="False" />
          </lines>
        </class>
        <class line-rate="1" branch-rate="1" complexity="12" name="offers.itacademy.ge.Application.Tests.Purchases.PurchaseServiceTests" filename="C:\Users\irakl\Desktop\TBC .Net Course\Final Project\offers.itacademy.ge.Application.Tests\Purchases\PurchaseServiceTests.cs">
          <methods>
            <method line-rate="1" branch-rate="1" complexity="1" name=".ctor" signature="(offers.itacademy.ge.Application.Tests.UnitOfWorkFixture)">
              <lines>
                <line number="27" hits="1" branch="False" />
                <line number="28" hits="1" branch="False" />
                <line number="29" hits="1" branch="False" />
                <line number="30" hits="1" branch="False" />
                <line number="31" hits="1" branch="False" />
                <line number="32" hits="1" branch="False" />
                <line number="33" hits="1" branch="False" />
                <line number="36" hits="1" branch="False" />
                <line number="37" hits="1" branch="False" />
                <line number="38" hits="1" branch="False" />
                <line number="41" hits="1" branch="False" />
                <line number="42" hits="1" branch="False" />
                <line number="43" hits="1" branch="False" />
                <line number="44" hits="1" branch="False" />
                <line number="45" hits="1" branch="False" />
                <line number="46" hits="1" branch="False" />
                <line number="49" hits="1" branch="False" />
                <line number="50" hits="1" branch="False" />
                <line number="51" hits="1" branch="False" />
                <line number="52" hits="1" branch="False" />
                <line number="53" hits="1" branch="False" />
                <line number="55" hits="1" branch="False" />
                <line number="58" hits="1" branch="False" />
                <line number="59" hits="1" branch="False" />
                <line number="60" hits="1" branch="False" />
                <line number="61" hits="1" branch="False" />
                <line number="62" hits="1" branch="False" />
              </lines>
            </method>
            <method line-rate="1" branch-rate="1" complexity="1" name="&lt;PurchaseOfferAsync_ShouldThrowNotFound_WhenOfferNotFound&gt;b__7_1" signature="()">
              <lines>
                <line number="72" hits="1" branch="False" />
              </lines>
            </method>
            <method line-rate="1" branch-rate="1" complexity="1" name="&lt;PurchaseOfferAsync_ShouldThrowNotFound_WhenCompanyNotFound&gt;b__8_2" signature="()">
              <lines>
                <line number="92" hits="1" branch="False" />
              </lines>
            </method>
            <method line-rate="1" branch-rate="1" complexity="1" name="&lt;PurchaseOfferAsync_ShouldThrowNotFound_WhenCustomerNotFound&gt;b__9_3" signature="()">
              <lines>
                <line number="108" hits="1" branch="False" />
              </lines>
            </method>
            <method line-rate="1" branch-rate="1" complexity="1" name="&lt;PurchaseOfferAsync_ShouldThrow_WhenTransactionFails&gt;b__11_4" signature="()">
              <lines>
                <line number="179" hits="1" branch="False" />
              </lines>
            </method>
            <method line-rate="1" branch-rate="1" complexity="1" name="&lt;CancelPurchaseAsync_ShouldThrow_WhenCustomerNotFound&gt;b__12_2" signature="()">
              <lines>
                <line number="197" hits="1" branch="False" />
              </lines>
            </method>
            <method line-rate="1" branch-rate="1" complexity="1" name="&lt;CancelPurchaseAsync_ShouldThrow_WhenTransactionFails&gt;b__13_3" signature="()">
              <lines>
                <line number="222" hits="1" branch="False" />
              </lines>
            </method>
            <method line-rate="1" branch-rate="1" complexity="1" name="&lt;GetUserPurchasesAsync_ShouldThrow_WhenUserNotFound&gt;b__15_1" signature="()">
              <lines>
                <line number="287" hits="1" branch="False" />
              </lines>
            </method>
            <method line-rate="1" branch-rate="1" complexity="1" name="&lt;GetOfferPurchasesAsync_ShouldThrow_WhenOfferNotFound&gt;b__17_1" signature="()">
              <lines>
                <line number="319" hits="1" branch="False" />
              </lines>
            </method>
            <method line-rate="1" branch-rate="1" complexity="1" name="&lt;GetOfferPurchasesAsync_ShouldThrow_WhenUnauthorizedAccess&gt;b__18_1" signature="()">
              <lines>
                <line number="333" hits="1" branch="False" />
              </lines>
            </method>
            <method line-rate="1" branch-rate="1" complexity="1" name="&lt;GetPurchaseByIdAsync_ShouldThrowNotFound_WhenPurchaseMissing&gt;b__22_1" signature="()">
              <lines>
                <line number="414" hits="1" branch="False" />
              </lines>
            </method>
            <method line-rate="1" branch-rate="1" complexity="1" name="&lt;GetPurchaseByIdAsync_ShouldThrowUnauthorized_WhenNotOwner&gt;b__23_1" signature="()">
              <lines>
                <line number="429" hits="1" branch="False" />
              </lines>
            </method>
          </methods>
          <lines>
            <line number="27" hits="1" branch="False" />
            <line number="28" hits="1" branch="False" />
            <line number="29" hits="1" branch="False" />
            <line number="30" hits="1" branch="False" />
            <line number="31" hits="1" branch="False" />
            <line number="32" hits="1" branch="False" />
            <line number="33" hits="1" branch="False" />
            <line number="36" hits="1" branch="False" />
            <line number="37" hits="1" branch="False" />
            <line number="38" hits="1" branch="False" />
            <line number="41" hits="1" branch="False" />
            <line number="42" hits="1" branch="False" />
            <line number="43" hits="1" branch="False" />
            <line number="44" hits="1" branch="False" />
            <line number="45" hits="1" branch="False" />
            <line number="46" hits="1" branch="False" />
            <line number="49" hits="1" branch="False" />
            <line number="50" hits="1" branch="False" />
            <line number="51" hits="1" branch="False" />
            <line number="52" hits="1" branch="False" />
            <line number="53" hits="1" branch="False" />
            <line number="55" hits="1" branch="False" />
            <line number="58" hits="1" branch="False" />
            <line number="59" hits="1" branch="False" />
            <line number="60" hits="1" branch="False" />
            <line number="61" hits="1" branch="False" />
            <line number="62" hits="1" branch="False" />
            <line number="72" hits="1" branch="False" />
            <line number="92" hits="1" branch="False" />
            <line number="108" hits="1" branch="False" />
            <line number="179" hits="1" branch="False" />
            <line number="197" hits="1" branch="False" />
            <line number="222" hits="1" branch="False" />
            <line number="287" hits="1" branch="False" />
            <line number="319" hits="1" branch="False" />
            <line number="333" hits="1" branch="False" />
            <line number="414" hits="1" branch="False" />
            <line number="429" hits="1" branch="False" />
          </lines>
        </class>
        <class line-rate="1" branch-rate="1" complexity="12" name="offers.itacademy.ge.Application.Tests.ProductOffers.ProductOfferServiceTests" filename="C:\Users\irakl\Desktop\TBC .Net Course\Final Project\offers.itacademy.ge.Application.Tests\ProductOffers\ProductOfferServiceTests.cs">
          <methods>
            <method line-rate="1" branch-rate="1" complexity="1" name=".ctor" signature="(offers.itacademy.ge.Application.Tests.UnitOfWorkFixture)">
              <lines>
                <line number="29" hits="1" branch="False" />
                <line number="30" hits="1" branch="False" />
                <line number="31" hits="1" branch="False" />
                <line number="32" hits="1" branch="False" />
                <line number="33" hits="1" branch="False" />
                <line number="34" hits="1" branch="False" />
                <line number="35" hits="1" branch="False" />
                <line number="36" hits="1" branch="False" />
                <line number="37" hits="1" branch="False" />
                <line number="38" hits="1" branch="False" />
                <line number="39" hits="1" branch="False" />
                <line number="40" hits="1" branch="False" />
                <line number="43" hits="1" branch="False" />
                <line number="44" hits="1" branch="False" />
                <line number="45" hits="1" branch="False" />
                <line number="46" hits="1" branch="False" />
                <line number="47" hits="1" branch="False" />
                <line number="48" hits="1" branch="False" />
                <line number="49" hits="1" branch="False" />
              </lines>
            </method>
            <method line-rate="1" branch-rate="1" complexity="1" name="&lt;GetOfferByIdAsync_ShouldThrowNotFound_WhenOfferDoesNotExist&gt;b__10_1" signature="()">
              <lines>
                <line number="168" hits="1" branch="False" />
              </lines>
            </method>
            <method line-rate="1" branch-rate="1" complexity="1" name="&lt;DeleteOfferAsync_ShouldThrowNotFound_WhenOfferDoesNotExist&gt;b__16_1" signature="()">
              <lines>
                <line number="265" hits="1" branch="False" />
              </lines>
            </method>
            <method line-rate="1" branch-rate="1" complexity="1" name="&lt;DeleteOfferAsync_ShouldThrowUnauthorized_WhenCompanyIdDoesNotMatch&gt;b__17_1" signature="()">
              <lines>
                <line number="278" hits="1" branch="False" />
              </lines>
            </method>
            <method line-rate="1" branch-rate="1" complexity="1" name="&lt;DeleteOfferAsync_ShouldThrow_WhenSaveChangesFails&gt;b__18_3" signature="()">
              <lines>
                <line number="293" hits="1" branch="False" />
              </lines>
            </method>
            <method line-rate="1" branch-rate="1" complexity="1" name="&lt;CancelOfferAsync_ShouldThrowNotFound_WhenOfferDoesNotExist&gt;b__24_2" signature="()">
              <lines>
                <line number="442" hits="1" branch="False" />
              </lines>
            </method>
            <method line-rate="1" branch-rate="1" complexity="1" name="&lt;CancelOfferAsync_ShouldThrowCancellationException_WhenTimeLimitExceeded&gt;b__25_2" signature="()">
              <lines>
                <line number="465" hits="1" branch="False" />
              </lines>
            </method>
            <method line-rate="1" branch-rate="1" complexity="1" name="&lt;CancelOfferAsync_ShouldThrowInvalidOperation_WhenCustomerIsNull&gt;b__27_2" signature="()">
              <lines>
                <line number="530" hits="1" branch="False" />
              </lines>
            </method>
            <method line-rate="1" branch-rate="1" complexity="1" name="&lt;CancelOfferAsync_ShouldThrowInvalidOperation_WhenInsufficientCompanyBalance&gt;b__28_2" signature="()">
              <lines>
                <line number="559" hits="1" branch="False" />
              </lines>
            </method>
            <method line-rate="1" branch-rate="1" complexity="1" name="&lt;CancelOfferAsync_ShouldRollback_WhenSaveChangesFails&gt;b__29_6" signature="()">
              <lines>
                <line number="592" hits="1" branch="False" />
              </lines>
            </method>
            <method line-rate="1" branch-rate="1" complexity="1" name="&lt;GetUserRelevantOffersAsync_ShouldThrowNotFound_WhenCustomerDoesNotExist&gt;b__32_1" signature="()">
              <lines>
                <line number="670" hits="1" branch="False" />
              </lines>
            </method>
            <method line-rate="1" branch-rate="1" complexity="1" name="&lt;GetCompanyOffersAsync_ShouldThrowNotFound_WhenCompanyDoesNotExist&gt;b__35_1" signature="()">
              <lines>
                <line number="743" hits="1" branch="False" />
              </lines>
            </method>
          </methods>
          <lines>
            <line number="29" hits="1" branch="False" />
            <line number="30" hits="1" branch="False" />
            <line number="31" hits="1" branch="False" />
            <line number="32" hits="1" branch="False" />
            <line number="33" hits="1" branch="False" />
            <line number="34" hits="1" branch="False" />
            <line number="35" hits="1" branch="False" />
            <line number="36" hits="1" branch="False" />
            <line number="37" hits="1" branch="False" />
            <line number="38" hits="1" branch="False" />
            <line number="39" hits="1" branch="False" />
            <line number="40" hits="1" branch="False" />
            <line number="43" hits="1" branch="False" />
            <line number="44" hits="1" branch="False" />
            <line number="45" hits="1" branch="False" />
            <line number="46" hits="1" branch="False" />
            <line number="47" hits="1" branch="False" />
            <line number="48" hits="1" branch="False" />
            <line number="49" hits="1" branch="False" />
            <line number="168" hits="1" branch="False" />
            <line number="265" hits="1" branch="False" />
            <line number="278" hits="1" branch="False" />
            <line number="293" hits="1" branch="False" />
            <line number="442" hits="1" branch="False" />
            <line number="465" hits="1" branch="False" />
            <line number="530" hits="1" branch="False" />
            <line number="559" hits="1" branch="False" />
            <line number="592" hits="1" branch="False" />
            <line number="670" hits="1" branch="False" />
            <line number="743" hits="1" branch="False" />
          </lines>
        </class>
        <class line-rate="1" branch-rate="1" complexity="3" name="offers.itacademy.ge.Application.Tests.Images.ImageServiceTests" filename="C:\Users\irakl\Desktop\TBC .Net Course\Final Project\offers.itacademy.ge.Application.Tests\Images\ImageServiceTests.cs">
          <methods>
            <method line-rate="1" branch-rate="1" complexity="1" name=".ctor" signature="()">
              <lines>
                <line number="15" hits="1" branch="False" />
                <line number="16" hits="1" branch="False" />
                <line number="17" hits="1" branch="False" />
                <line number="19" hits="1" branch="False" />
                <line number="20" hits="1" branch="False" />
                <line number="21" hits="1" branch="False" />
                <line number="22" hits="1" branch="False" />
                <line number="23" hits="1" branch="False" />
                <line number="24" hits="1" branch="False" />
                <line number="25" hits="1" branch="False" />
                <line number="26" hits="1" branch="False" />
                <line number="27" hits="1" branch="False" />
                <line number="29" hits="1" branch="False" />
                <line number="31" hits="1" branch="False" />
                <line number="32" hits="1" branch="False" />
                <line number="33" hits="1" branch="False" />
              </lines>
            </method>
            <method line-rate="1" branch-rate="1" complexity="2" name="Cleanup" signature="(string)">
              <lines>
                <line number="233" hits="1" branch="False" />
                <line number="234" hits="1" branch="True" condition-coverage="100% (2/2)">
                  <conditions>
                    <condition number="0" type="jump" coverage="100%" />
                  </conditions>
                </line>
                <line number="235" hits="1" branch="False" />
                <line number="236" hits="1" branch="False" />
              </lines>
            </method>
          </methods>
          <lines>
            <line number="15" hits="1" branch="False" />
            <line number="16" hits="1" branch="False" />
            <line number="17" hits="1" branch="False" />
            <line number="19" hits="1" branch="False" />
            <line number="20" hits="1" branch="False" />
            <line number="21" hits="1" branch="False" />
            <line number="22" hits="1" branch="False" />
            <line number="23" hits="1" branch="False" />
            <line number="24" hits="1" branch="False" />
            <line number="25" hits="1" branch="False" />
            <line number="26" hits="1" branch="False" />
            <line number="27" hits="1" branch="False" />
            <line number="29" hits="1" branch="False" />
            <line number="31" hits="1" branch="False" />
            <line number="32" hits="1" branch="False" />
            <line number="33" hits="1" branch="False" />
            <line number="233" hits="1" branch="False" />
            <line number="234" hits="1" branch="True" condition-coverage="100% (2/2)">
              <conditions>
                <condition number="0" type="jump" coverage="100%" />
              </conditions>
            </line>
            <line number="235" hits="1" branch="False" />
            <line number="236" hits="1" branch="False" />
          </lines>
        </class>
        <class line-rate="1" branch-rate="1" complexity="3" name="offers.itacademy.ge.Application.Tests.Categories.CategoryServiceTests" filename="C:\Users\irakl\Desktop\TBC .Net Course\Final Project\offers.itacademy.ge.Application.Tests\Categories\CategoryServiceTests.cs">
          <methods>
            <method line-rate="1" branch-rate="1" complexity="1" name=".ctor" signature="(offers.itacademy.ge.Application.Tests.UnitOfWorkFixture)">
              <lines>
                <line number="21" hits="1" branch="False" />
                <line number="22" hits="1" branch="False" />
                <line number="25" hits="1" branch="False" />
                <line number="26" hits="1" branch="False" />
                <line number="27" hits="1" branch="False" />
                <line number="29" hits="1" branch="False" />
                <line number="30" hits="1" branch="False" />
                <line number="31" hits="1" branch="False" />
              </lines>
            </method>
            <method line-rate="1" branch-rate="1" complexity="1" name="&lt;GetCategoryByIdAsync_ShouldThrowNotFoundException_WhenCategoryDoesNotExist&gt;b__7_1" signature="()">
              <lines>
                <line number="114" hits="1" branch="False" />
              </lines>
            </method>
            <method line-rate="1" branch-rate="1" complexity="1" name="&lt;DeleteCategoryAsync_ShouldThrowNotFoundException_WhenCategoryDoesNotExist&gt;b__12_1" signature="()">
              <lines>
                <line number="209" hits="1" branch="False" />
              </lines>
            </method>
          </methods>
          <lines>
            <line number="21" hits="1" branch="False" />
            <line number="22" hits="1" branch="False" />
            <line number="25" hits="1" branch="False" />
            <line number="26" hits="1" branch="False" />
            <line number="27" hits="1" branch="False" />
            <line number="29" hits="1" branch="False" />
            <line number="30" hits="1" branch="False" />
            <line number="31" hits="1" branch="False" />
            <line number="114" hits="1" branch="False" />
            <line number="209" hits="1" branch="False" />
          </lines>
        </class>
        <class line-rate="1" branch-rate="1" complexity="5" name="offers.itacademy.ge.Application.Tests.ValidationUtilsTests.&lt;&gt;c" filename="C:\Users\irakl\Desktop\TBC .Net Course\Final Project\offers.itacademy.ge.Application.Tests\ValidationTests.cs">
          <methods>
            <method line-rate="1" branch-rate="1" complexity="1" name="&lt;ValidateOfferForPurchase_ShouldThrowNotFound_WhenOfferIsNull&gt;b__2_0" signature="()">
              <lines>
                <line number="45" hits="1" branch="False" />
              </lines>
            </method>
            <method line-rate="1" branch-rate="1" complexity="1" name="&lt;ValidateCustomerForPurchase_ShouldThrowNotFound_WhenCustomerIsNull&gt;b__6_0" signature="()">
              <lines>
                <line number="88" hits="1" branch="False" />
              </lines>
            </method>
            <method line-rate="1" branch-rate="1" complexity="1" name="&lt;ValidatePurchaseForCancellation_ShouldThrowNotFound_WhenPurchaseIsNull&gt;b__9_0" signature="()">
              <lines>
                <line number="120" hits="1" branch="False" />
              </lines>
            </method>
            <method line-rate="1" branch-rate="1" complexity="1" name="&lt;ValidateProductOfferForUpdate_ShouldThrowNotFound_WhenOfferIsNull&gt;b__16_0" signature="()">
              <lines>
                <line number="216" hits="1" branch="False" />
              </lines>
            </method>
            <method line-rate="1" branch-rate="1" complexity="1" name="&lt;ValidateOfferForCancel_ShouldThrowNotFound_WhenOfferIsNull&gt;b__20_0" signature="()">
              <lines>
                <line number="265" hits="1" branch="False" />
              </lines>
            </method>
          </methods>
          <lines>
            <line number="45" hits="1" branch="False" />
            <line number="88" hits="1" branch="False" />
            <line number="120" hits="1" branch="False" />
            <line number="216" hits="1" branch="False" />
            <line number="265" hits="1" branch="False" />
          </lines>
        </class>
        <class line-rate="1" branch-rate="1" complexity="1" name="offers.itacademy.ge.Application.Tests.ValidationUtilsTests.&lt;&gt;c__DisplayClass0_0" filename="C:\Users\irakl\Desktop\TBC .Net Course\Final Project\offers.itacademy.ge.Application.Tests\ValidationTests.cs">
          <methods>
            <method line-rate="1" branch-rate="1" complexity="1" name="&lt;ValidatePagination_ShouldThrow_WhenPageNumberOrSizeIsInvalid&gt;b__0" signature="()">
              <lines>
                <line number="22" hits="1" branch="False" />
              </lines>
            </method>
          </methods>
          <lines>
            <line number="22" hits="1" branch="False" />
          </lines>
        </class>
        <class line-rate="1" branch-rate="1" complexity="1" name="offers.itacademy.ge.Application.Tests.ValidationUtilsTests.&lt;&gt;c__DisplayClass10_0" filename="C:\Users\irakl\Desktop\TBC .Net Course\Final Project\offers.itacademy.ge.Application.Tests\ValidationTests.cs">
          <methods>
            <method line-rate="1" branch-rate="1" complexity="1" name="&lt;ValidatePurchaseForCancellation_ShouldThrowUnauthorized_WhenCustomerIdMismatch&gt;b__0" signature="()">
              <lines>
                <line number="130" hits="1" branch="False" />
              </lines>
            </method>
          </methods>
          <lines>
            <line number="130" hits="1" branch="False" />
          </lines>
        </class>
        <class line-rate="1" branch-rate="1" complexity="1" name="offers.itacademy.ge.Application.Tests.ValidationUtilsTests.&lt;&gt;c__DisplayClass11_0" filename="C:\Users\irakl\Desktop\TBC .Net Course\Final Project\offers.itacademy.ge.Application.Tests\ValidationTests.cs">
          <methods>
            <method line-rate="1" branch-rate="1" complexity="1" name="&lt;ValidatePurchaseForCancellation_ShouldThrowInvalidCancellation_WhenDetailsMissing&gt;b__0" signature="()">
              <lines>
                <line number="149" hits="1" branch="False" />
              </lines>
            </method>
          </methods>
          <lines>
            <line number="149" hits="1" branch="False" />
          </lines>
        </class>
        <class line-rate="1" branch-rate="1" complexity="1" name="offers.itacademy.ge.Application.Tests.ValidationUtilsTests.&lt;&gt;c__DisplayClass12_0" filename="C:\Users\irakl\Desktop\TBC .Net Course\Final Project\offers.itacademy.ge.Application.Tests\ValidationTests.cs">
          <methods>
            <method line-rate="1" branch-rate="1" complexity="1" name="&lt;ValidatePurchaseForCancellation_ShouldThrowInvalidCancellation_WhenWindowExpired&gt;b__0" signature="()">
              <lines>
                <line number="164" hits="1" branch="False" />
              </lines>
            </method>
          </methods>
          <lines>
            <line number="164" hits="1" branch="False" />
          </lines>
        </class>
        <class line-rate="1" branch-rate="1" complexity="1" name="offers.itacademy.ge.Application.Tests.ValidationUtilsTests.&lt;&gt;c__DisplayClass13_0" filename="C:\Users\irakl\Desktop\TBC .Net Course\Final Project\offers.itacademy.ge.Application.Tests\ValidationTests.cs">
          <methods>
            <method line-rate="1" branch-rate="1" complexity="1" name="&lt;ValidatePurchaseForCancellation_ShouldThrowInvalidCancellation_WhenAlreadyCancelled&gt;b__0" signature="()">
              <lines>
                <line number="179" hits="1" branch="False" />
              </lines>
            </method>
          </methods>
          <lines>
            <line number="179" hits="1" branch="False" />
          </lines>
        </class>
        <class line-rate="1" branch-rate="1" complexity="1" name="offers.itacademy.ge.Application.Tests.ValidationUtilsTests.&lt;&gt;c__DisplayClass14_0" filename="C:\Users\irakl\Desktop\TBC .Net Course\Final Project\offers.itacademy.ge.Application.Tests\ValidationTests.cs">
          <methods>
            <method line-rate="1" branch-rate="1" complexity="1" name="&lt;ValidatePurchaseForCancellation_ShouldNotThrow_WhenValid&gt;b__0" signature="()">
              <lines>
                <line number="194" hits="1" branch="False" />
              </lines>
            </method>
          </methods>
          <lines>
            <line number="194" hits="1" branch="False" />
          </lines>
        </class>
        <class line-rate="1" branch-rate="1" complexity="1" name="offers.itacademy.ge.Application.Tests.ValidationUtilsTests.&lt;&gt;c__DisplayClass15_0" filename="C:\Users\irakl\Desktop\TBC .Net Course\Final Project\offers.itacademy.ge.Application.Tests\ValidationTests.cs">
          <methods>
            <method line-rate="1" branch-rate="1" complexity="1" name="&lt;ValidateProductOfferForUpdate_ShouldPass_WhenOfferIsValid&gt;b__0" signature="()">
              <lines>
                <line number="208" hits="1" branch="False" />
              </lines>
            </method>
          </methods>
          <lines>
            <line number="208" hits="1" branch="False" />
          </lines>
        </class>
        <class line-rate="1" branch-rate="1" complexity="1" name="offers.itacademy.ge.Application.Tests.ValidationUtilsTests.&lt;&gt;c__DisplayClass17_0" filename="C:\Users\irakl\Desktop\TBC .Net Course\Final Project\offers.itacademy.ge.Application.Tests\ValidationTests.cs">
          <methods>
            <method line-rate="1" branch-rate="1" complexity="1" name="&lt;ValidateProductOfferForUpdate_ShouldThrowUnauthorized_WhenCompanyIdDoesNotMatch&gt;b__0" signature="()">
              <lines>
                <line number="226" hits="1" branch="False" />
              </lines>
            </method>
          </methods>
          <lines>
            <line number="226" hits="1" branch="False" />
          </lines>
        </class>
        <class line-rate="1" branch-rate="1" complexity="1" name="offers.itacademy.ge.Application.Tests.ValidationUtilsTests.&lt;&gt;c__DisplayClass18_0" filename="C:\Users\irakl\Desktop\TBC .Net Course\Final Project\offers.itacademy.ge.Application.Tests\ValidationTests.cs">
          <methods>
            <method line-rate="1" branch-rate="1" complexity="1" name="&lt;ValidateProductOfferForUpdate_ShouldThrowInvalidOperation_WhenOfferIsNotActive&gt;b__0" signature="()">
              <lines>
                <line number="238" hits="1" branch="False" />
              </lines>
            </method>
          </methods>
          <lines>
            <line number="238" hits="1" branch="False" />
          </lines>
        </class>
        <class line-rate="1" branch-rate="1" complexity="1" name="offers.itacademy.ge.Application.Tests.ValidationUtilsTests.&lt;&gt;c__DisplayClass19_0" filename="C:\Users\irakl\Desktop\TBC .Net Course\Final Project\offers.itacademy.ge.Application.Tests\ValidationTests.cs">
          <methods>
            <method line-rate="1" branch-rate="1" complexity="1" name="&lt;ValidateOfferForCancel_ShouldPass_WhenOfferIsValid&gt;b__0" signature="()">
              <lines>
                <line number="257" hits="1" branch="False" />
              </lines>
            </method>
          </methods>
          <lines>
            <line number="257" hits="1" branch="False" />
          </lines>
        </class>
        <class line-rate="1" branch-rate="1" complexity="1" name="offers.itacademy.ge.Application.Tests.ValidationUtilsTests.&lt;&gt;c__DisplayClass1_0" filename="C:\Users\irakl\Desktop\TBC .Net Course\Final Project\offers.itacademy.ge.Application.Tests\ValidationTests.cs">
          <methods>
            <method line-rate="1" branch-rate="1" complexity="1" name="&lt;ValidatePagination_ShouldNotThrow_WhenPageNumberAndSizeAreValid&gt;b__0" signature="()">
              <lines>
                <line number="33" hits="1" branch="False" />
              </lines>
            </method>
          </methods>
          <lines>
            <line number="33" hits="1" branch="False" />
          </lines>
        </class>
        <class line-rate="1" branch-rate="1" complexity="1" name="offers.itacademy.ge.Application.Tests.ValidationUtilsTests.&lt;&gt;c__DisplayClass21_0" filename="C:\Users\irakl\Desktop\TBC .Net Course\Final Project\offers.itacademy.ge.Application.Tests\ValidationTests.cs">
          <methods>
            <method line-rate="1" branch-rate="1" complexity="1" name="&lt;ValidateOfferForCancel_ShouldThrowCancellationException_WhenTimeLimitExceeded&gt;b__0" signature="()">
              <lines>
                <line number="281" hits="1" branch="False" />
              </lines>
            </method>
          </methods>
          <lines>
            <line number="281" hits="1" branch="False" />
          </lines>
        </class>
        <class line-rate="1" branch-rate="1" complexity="1" name="offers.itacademy.ge.Application.Tests.ValidationUtilsTests.&lt;&gt;c__DisplayClass22_0" filename="C:\Users\irakl\Desktop\TBC .Net Course\Final Project\offers.itacademy.ge.Application.Tests\ValidationTests.cs">
          <methods>
            <method line-rate="1" branch-rate="1" complexity="1" name="&lt;ValidateOfferForCancel_ShouldThrowInvalidOperation_WhenCompanyIsNull&gt;b__0" signature="()">
              <lines>
                <line number="297" hits="1" branch="False" />
              </lines>
            </method>
          </methods>
          <lines>
            <line number="297" hits="1" branch="False" />
          </lines>
        </class>
        <class line-rate="1" branch-rate="1" complexity="1" name="offers.itacademy.ge.Application.Tests.ValidationUtilsTests.&lt;&gt;c__DisplayClass23_0" filename="C:\Users\irakl\Desktop\TBC .Net Course\Final Project\offers.itacademy.ge.Application.Tests\ValidationTests.cs">
          <methods>
            <method line-rate="1" branch-rate="1" complexity="1" name="&lt;ValidateOfferForCancel_ShouldThrowInvalidOperation_WhenPurchasesIsNull&gt;b__0" signature="()">
              <lines>
                <line number="313" hits="1" branch="False" />
              </lines>
            </method>
          </methods>
          <lines>
            <line number="313" hits="1" branch="False" />
          </lines>
        </class>
        <class line-rate="1" branch-rate="1" complexity="1" name="offers.itacademy.ge.Application.Tests.ValidationUtilsTests.&lt;&gt;c__DisplayClass3_0" filename="C:\Users\irakl\Desktop\TBC .Net Course\Final Project\offers.itacademy.ge.Application.Tests\ValidationTests.cs">
          <methods>
            <method line-rate="1" branch-rate="1" complexity="1" name="&lt;ValidateOfferForPurchase_ShouldThrowPurchaseException_WhenQuantityExceedsStock&gt;b__0" signature="()">
              <lines>
                <line number="55" hits="1" branch="False" />
              </lines>
            </method>
          </methods>
          <lines>
            <line number="55" hits="1" branch="False" />
          </lines>
        </class>
        <class line-rate="1" branch-rate="1" complexity="1" name="offers.itacademy.ge.Application.Tests.ValidationUtilsTests.&lt;&gt;c__DisplayClass4_0" filename="C:\Users\irakl\Desktop\TBC .Net Course\Final Project\offers.itacademy.ge.Application.Tests\ValidationTests.cs">
          <methods>
            <method line-rate="1" branch-rate="1" complexity="1" name="&lt;ValidateOfferForPurchase_ShouldThrowPurchaseException_WhenOfferNotActive&gt;b__0" signature="()">
              <lines>
                <line number="67" hits="1" branch="False" />
              </lines>
            </method>
          </methods>
          <lines>
            <line number="67" hits="1" branch="False" />
          </lines>
        </class>
        <class line-rate="1" branch-rate="1" complexity="1" name="offers.itacademy.ge.Application.Tests.ValidationUtilsTests.&lt;&gt;c__DisplayClass5_0" filename="C:\Users\irakl\Desktop\TBC .Net Course\Final Project\offers.itacademy.ge.Application.Tests\ValidationTests.cs">
          <methods>
            <method line-rate="1" branch-rate="1" complexity="1" name="&lt;ValidateOfferForPurchase_ShouldNotThrow_WhenValid&gt;b__0" signature="()">
              <lines>
                <line number="77" hits="1" branch="False" />
              </lines>
            </method>
          </methods>
          <lines>
            <line number="77" hits="1" branch="False" />
          </lines>
        </class>
        <class line-rate="1" branch-rate="1" complexity="1" name="offers.itacademy.ge.Application.Tests.ValidationUtilsTests.&lt;&gt;c__DisplayClass7_0" filename="C:\Users\irakl\Desktop\TBC .Net Course\Final Project\offers.itacademy.ge.Application.Tests\ValidationTests.cs">
          <methods>
            <method line-rate="1" branch-rate="1" complexity="1" name="&lt;ValidateCustomerForPurchase_ShouldThrowPurchaseException_WhenInsufficientFunds&gt;b__0" signature="()">
              <lines>
                <line number="98" hits="1" branch="False" />
              </lines>
            </method>
          </methods>
          <lines>
            <line number="98" hits="1" branch="False" />
          </lines>
        </class>
        <class line-rate="1" branch-rate="1" complexity="1" name="offers.itacademy.ge.Application.Tests.ValidationUtilsTests.&lt;&gt;c__DisplayClass8_0" filename="C:\Users\irakl\Desktop\TBC .Net Course\Final Project\offers.itacademy.ge.Application.Tests\ValidationTests.cs">
          <methods>
            <method line-rate="1" branch-rate="1" complexity="1" name="&lt;ValidateCustomerForPurchase_ShouldNotThrow_WhenValid&gt;b__0" signature="()">
              <lines>
                <line number="108" hits="1" branch="False" />
              </lines>
            </method>
          </methods>
          <lines>
            <line number="108" hits="1" branch="False" />
          </lines>
        </class>
        <class line-rate="1" branch-rate="1" complexity="1" name="offers.itacademy.ge.Application.Tests.Users.UserServiceTests.&lt;&gt;c__DisplayClass13_0" filename="C:\Users\irakl\Desktop\TBC .Net Course\Final Project\offers.itacademy.ge.Application.Tests\Users\UserServiceTests.cs">
          <methods>
            <method line-rate="1" branch-rate="1" complexity="1" name="&lt;UpdateCustomerCategoriesAsync_ShouldThrowNotFound_WhenCustomerDoesNotExist&gt;b__1" signature="()">
              <lines>
                <line number="274" hits="1" branch="False" />
              </lines>
            </method>
          </methods>
          <lines>
            <line number="274" hits="1" branch="False" />
          </lines>
        </class>
        <class line-rate="1" branch-rate="1" complexity="1" name="offers.itacademy.ge.Application.Tests.Users.UserServiceTests.&lt;&gt;c__DisplayClass14_0" filename="C:\Users\irakl\Desktop\TBC .Net Course\Final Project\offers.itacademy.ge.Application.Tests\Users\UserServiceTests.cs">
          <methods>
            <method line-rate="1" branch-rate="1" complexity="1" name="&lt;UpdateCustomerCategoriesAsync_ShouldThrowNotFound_WhenSomeCategoriesAreMissing&gt;b__2" signature="()">
              <lines>
                <line number="300" hits="1" branch="False" />
              </lines>
            </method>
          </methods>
          <lines>
            <line number="300" hits="1" branch="False" />
          </lines>
        </class>
        <class line-rate="1" branch-rate="1" complexity="1" name="offers.itacademy.ge.Application.Tests.Users.UserServiceTests.&lt;&gt;c__DisplayClass16_0" filename="C:\Users\irakl\Desktop\TBC .Net Course\Final Project\offers.itacademy.ge.Application.Tests\Users\UserServiceTests.cs">
          <methods>
[...]
              <lines>
                <line number="10" hits="1" branch="False" />
              </lines>
            </method>
            <method line-rate="1" branch-rate="1" complexity="1" name="set_SelectedCategories" signature="(System.Collections.Generic.List&lt;offers.itacademy.ge.Domain.Categories.Category&gt;)">
              <lines>
                <line number="10" hits="1" branch="False" />
              </lines>
            </method>
            <method line-rate="1" branch-rate="1" complexity="1" name=".ctor" signature="()">
              <lines>
                <line number="8" hits="1" branch="False" />
                <line number="9" hits="1" branch="False" />
                <line number="10" hits="1" branch="False" />
              </lines>
            </method>
          </methods>
          <lines>
            <line number="8" hits="1" branch="False" />
            <line number="9" hits="1" branch="False" />
            <line number="10" hits="1" branch="False" />
          </lines>
        </class>
        <class line-rate="1" branch-rate="1" complexity="11" name="offers.itacademy.ge.Domain.Users.User" filename="C:\Users\irakl\Desktop\TBC .Net Course\Final Project\offers.itacademy.ge.Domain\Users\User.cs">
          <methods>
            <method line-rate="1" branch-rate="1" complexity="1" name="get_Id" signature="()">
              <lines>
                <line number="5" hits="1" branch="False" />
              </lines>
            </method>
            <method line-rate="1" branch-rate="1" complexity="1" name="set_Id" signature="(int)">
              <lines>
                <line number="5" hits="1" branch="False" />
              </lines>
            </method>
            <method line-rate="1" branch-rate="1" complexity="1" name="get_UserName" signature="()">
              <lines>
                <line number="6" hits="1" branch="False" />
              </lines>
            </method>
            <method line-rate="1" branch-rate="1" complexity="1" name="set_UserName" signature="(string)">
              <lines>
                <line number="6" hits="1" branch="False" />
              </lines>
            </method>
            <method line-rate="1" branch-rate="1" complexity="1" name="get_Email" signature="()">
              <lines>
                <line number="7" hits="1" branch="False" />
              </lines>
            </method>
            <method line-rate="1" branch-rate="1" complexity="1" name="set_Email" signature="(string)">
              <lines>
                <line number="7" hits="1" branch="False" />
              </lines>
            </method>
            <method line-rate="1" branch-rate="1" complexity="1" name="get_Password" signature="()">
              <lines>
                <line number="8" hits="1" branch="False" />
              </lines>
            </method>
            <method line-rate="1" branch-rate="1" complexity="1" name="set_Password" signature="(string)">
              <lines>
                <line number="8" hits="1" branch="False" />
              </lines>
            </method>
            <method line-rate="1" branch-rate="1" complexity="1" name="get_Role" signature="()">
              <lines>
                <line number="9" hits="1" branch="False" />
              </lines>
            </method>
            <method line-rate="1" branch-rate="1" complexity="1" name="set_Role" signature="(offers.itacademy.ge.Domain.Users.UserRole)">
              <lines>
                <line number="9" hits="1" branch="False" />
              </lines>
            </method>
            <method line-rate="1" branch-rate="1" complexity="1" name=".ctor" signature="()">
              <lines>
                <line number="6" hits="1" branch="False" />
                <line number="7" hits="1" branch="False" />
                <line number="8" hits="1" branch="False" />
              </lines>
            </method>
          </methods>
          <lines>
            <line number="5" hits="1" branch="False" />
            <line number="6" hits="1" branch="False" />
            <line number="7" hits="1" branch="False" />
            <line number="8" hits="1" branch="False" />
            <line number="9" hits="1" branch="False" />
          </lines>
        </class>
        <class line-rate="1" branch-rate="1" complexity="18" name="offers.itacademy.ge.Domain.Purchases.Purchase" filename="C:\Users\irakl\Desktop\TBC .Net Course\Final Project\offers.itacademy.ge.Domain\Purchases\Purchase.cs">
          <methods>
            <method line-rate="1" branch-rate="1" complexity="1" name="get_Id" signature="()">
              <lines>
                <line number="8" hits="1" branch="False" />
              </lines>
            </method>
            <method line-rate="1" branch-rate="1" complexity="1" name="set_Id" signature="(int)">
              <lines>
                <line number="8" hits="1" branch="False" />
              </lines>
            </method>
            <method line-rate="1" branch-rate="1" complexity="1" name="get_CustomerId" signature="()">
              <lines>
                <line number="9" hits="1" branch="False" />
              </lines>
            </method>
            <method line-rate="1" branch-rate="1" complexity="1" name="set_CustomerId" signature="(int)">
              <lines>
                <line number="9" hits="1" branch="False" />
              </lines>
            </method>
            <method line-rate="1" branch-rate="1" complexity="1" name="get_Customer" signature="()">
              <lines>
                <line number="10" hits="1" branch="False" />
              </lines>
            </method>
            <method line-rate="1" branch-rate="1" complexity="1" name="set_Customer" signature="(offers.itacademy.ge.Domain.Users.Customer)">
              <lines>
                <line number="10" hits="1" branch="False" />
              </lines>
            </method>
            <method line-rate="1" branch-rate="1" complexity="1" name="get_ProductOfferId" signature="()">
              <lines>
                <line number="11" hits="1" branch="False" />
              </lines>
            </method>
            <method line-rate="1" branch-rate="1" complexity="1" name="set_ProductOfferId" signature="(System.Nullable&lt;int&gt;)">
              <lines>
                <line number="11" hits="1" branch="False" />
              </lines>
            </method>
            <method line-rate="1" branch-rate="1" complexity="1" name="get_ProductOffer" signature="()">
              <lines>
                <line number="12" hits="1" branch="False" />
              </lines>
            </method>
            <method line-rate="1" branch-rate="1" complexity="1" name="set_ProductOffer" signature="(offers.itacademy.ge.Domain.ProductOffers.ProductOffer)">
              <lines>
                <line number="12" hits="1" branch="False" />
              </lines>
            </method>
            <method line-rate="1" branch-rate="1" complexity="1" name="get_Quantity" signature="()">
              <lines>
                <line number="13" hits="1" branch="False" />
              </lines>
            </method>
            <method line-rate="1" branch-rate="1" complexity="1" name="set_Quantity" signature="(int)">
              <lines>
                <line number="13" hits="1" branch="False" />
              </lines>
            </method>
            <method line-rate="1" branch-rate="1" complexity="1" name="get_PurchaseDate" signature="()">
              <lines>
                <line number="14" hits="1" branch="False" />
              </lines>
            </method>
            <method line-rate="1" branch-rate="1" complexity="1" name="set_PurchaseDate" signature="(System.DateTime)">
              <lines>
                <line number="14" hits="1" branch="False" />
              </lines>
            </method>
            <method line-rate="1" branch-rate="1" complexity="1" name="get_Status" signature="()">
              <lines>
                <line number="15" hits="1" branch="False" />
              </lines>
            </method>
            <method line-rate="1" branch-rate="1" complexity="1" name="set_Status" signature="(offers.itacademy.ge.Domain.Purchases.PurchaseStatus)">
              <lines>
                <line number="15" hits="1" branch="False" />
              </lines>
            </method>
            <method line-rate="1" branch-rate="1" complexity="1" name="get_TotalPrice" signature="()">
              <lines>
                <line number="16" hits="1" branch="False" />
              </lines>
            </method>
            <method line-rate="1" branch-rate="1" complexity="1" name="set_TotalPrice" signature="(decimal)">
              <lines>
                <line number="16" hits="1" branch="False" />
              </lines>
            </method>
          </methods>
          <lines>
            <line number="8" hits="1" branch="False" />
            <line number="9" hits="1" branch="False" />
            <line number="10" hits="1" branch="False" />
            <line number="11" hits="1" branch="False" />
            <line number="12" hits="1" branch="False" />
            <line number="13" hits="1" branch="False" />
            <line number="14" hits="1" branch="False" />
            <line number="15" hits="1" branch="False" />
            <line number="16" hits="1" branch="False" />
          </lines>
        </class>
        <class line-rate="0.967741935483871" branch-rate="1" complexity="29" name="offers.itacademy.ge.Domain.ProductOffers.ProductOffer" filename="C:\Users\irakl\Desktop\TBC .Net Course\Final Project\offers.itacademy.ge.Domain\ProductOffers\ProductOffer.cs">
          <methods>
            <method line-rate="1" branch-rate="1" complexity="1" name="get_Id" signature="()">
              <lines>
                <line number="9" hits="1" branch="False" />
              </lines>
            </method>
            <method line-rate="1" branch-rate="1" complexity="1" name="set_Id" signature="(int)">
              <lines>
                <line number="9" hits="1" branch="False" />
              </lines>
            </method>
            <method line-rate="1" branch-rate="1" complexity="1" name="get_Name" signature="()">
              <lines>
                <line number="10" hits="1" branch="False" />
              </lines>
            </method>
            <method line-rate="1" branch-rate="1" complexity="1" name="set_Name" signature="(string)">
              <lines>
                <line number="10" hits="1" branch="False" />
              </lines>
            </method>
            <method line-rate="1" branch-rate="1" complexity="1" name="get_Description" signature="()">
              <lines>
                <line number="11" hits="1" branch="False" />
              </lines>
            </method>
            <method line-rate="1" branch-rate="1" complexity="1" name="set_Description" signature="(string)">
              <lines>
                <line number="11" hits="1" branch="False" />
              </lines>
            </method>
            <method line-rate="1" branch-rate="1" complexity="1" name="get_Price" signature="()">
              <lines>
                <line number="12" hits="1" branch="False" />
              </lines>
            </method>
            <method line-rate="1" branch-rate="1" complexity="1" name="set_Price" signature="(decimal)">
              <lines>
                <line number="12" hits="1" branch="False" />
              </lines>
            </method>
            <method line-rate="1" branch-rate="1" complexity="1" name="get_Quantity" signature="()">
              <lines>
                <line number="13" hits="1" branch="False" />
              </lines>
            </method>
            <method line-rate="1" branch-rate="1" complexity="1" name="set_Quantity" signature="(int)">
              <lines>
                <line number="13" hits="1" branch="False" />
              </lines>
            </method>
            <method line-rate="1" branch-rate="1" complexity="1" name="get_CreateTime" signature="()">
              <lines>
                <line number="14" hits="1" branch="False" />
              </lines>
            </method>
            <method line-rate="1" branch-rate="1" complexity="1" name="set_CreateTime" signature="(System.DateTime)">
              <lines>
                <line number="14" hits="1" branch="False" />
              </lines>
            </method>
            <method line-rate="1" branch-rate="1" complexity="1" name="get_ExpirationTime" signature="()">
              <lines>
                <line number="15" hits="1" branch="False" />
              </lines>
            </method>
            <method line-rate="1" branch-rate="1" complexity="1" name="set_ExpirationTime" signature="(System.DateTime)">
              <lines>
                <line number="15" hits="1" branch="False" />
              </lines>
            </method>
            <method line-rate="1" branch-rate="1" complexity="1" name="get_ImageUrl" signature="()">
              <lines>
                <line number="16" hits="1" branch="False" />
              </lines>
            </method>
            <method line-rate="1" branch-rate="1" complexity="1" name="set_ImageUrl" signature="(string)">
              <lines>
                <line number="16" hits="1" branch="False" />
              </lines>
            </method>
            <method line-rate="1" branch-rate="1" complexity="1" name="get_CategoryId" signature="()">
              <lines>
                <line number="17" hits="1" branch="False" />
              </lines>
            </method>
            <method line-rate="1" branch-rate="1" complexity="1" name="set_CategoryId" signature="(int)">
              <lines>
                <line number="17" hits="1" branch="False" />
              </lines>
            </method>
            <method line-rate="1" branch-rate="1" complexity="1" name="get_Category" signature="()">
              <lines>
                <line number="18" hits="1" branch="False" />
              </lines>
            </method>
            <method line-rate="0" branch-rate="1" complexity="1" name="set_Category" signature="(offers.itacademy.ge.Domain.Categories.Category)">
              <lines>
                <line number="18" hits="0" branch="False" />
              </lines>
            </method>
            <method line-rate="1" branch-rate="1" complexity="1" name="get_CompanyId" signature="()">
              <lines>
                <line number="19" hits="1" branch="False" />
              </lines>
            </method>
            <method line-rate="1" branch-rate="1" complexity="1" name="set_CompanyId" signature="(int)">
              <lines>
                <line number="19" hits="1" branch="False" />
              </lines>
            </method>
            <method line-rate="1" branch-rate="1" complexity="1" name="get_Company" signature="()">
              <lines>
                <line number="20" hits="1" branch="False" />
              </lines>
            </method>
            <method line-rate="1" branch-rate="1" complexity="1" name="set_Company" signature="(offers.itacademy.ge.Domain.Users.Company)">
              <lines>
                <line number="20" hits="1" branch="False" />
              </lines>
            </method>
            <method line-rate="1" branch-rate="1" complexity="1" name="get_Status" signature="()">
              <lines>
                <line number="21" hits="1" branch="False" />
              </lines>
            </method>
            <method line-rate="1" branch-rate="1" complexity="1" name="set_Status" signature="(offers.itacademy.ge.Domain.ProductOffers.OfferStatus)">
              <lines>
                <line number="21" hits="1" branch="False" />
              </lines>
            </method>
            <method line-rate="1" branch-rate="1" complexity="1" name="get_Purchases" signature="()">
              <lines>
                <line number="22" hits="1" branch="False" />
              </lines>
            </method>
            <method line-rate="1" branch-rate="1" complexity="1" name="set_Purchases" signature="(System.Collections.Generic.List&lt;offers.itacademy.ge.Domain.Purchases.Purchase&gt;)">
              <lines>
                <line number="22" hits="1" branch="False" />
              </lines>
            </method>
            <method line-rate="1" branch-rate="1" complexity="1" name=".ctor" signature="()">
              <lines>
                <line number="10" hits="1" branch="False" />
                <line number="11" hits="1" branch="False" />
                <line number="22" hits="1" branch="False" />
              </lines>
            </method>
          </methods>
          <lines>
            <line number="9" hits="1" branch="False" />
            <line number="10" hits="1" branch="False" />
            <line number="11" hits="1" branch="False" />
            <line number="12" hits="1" branch="False" />
            <line number="13" hits="1" branch="False" />
            <line number="14" hits="1" branch="False" />
            <line number="15" hits="1" branch="False" />
            <line number="16" hits="1" branch="False" />
            <line number="17" hits="1" branch="False" />
            <line number="18" hits="1" branch="False" />
            <line number="19" hits="1" branch="False" />
            <line number="20" hits="1" branch="False" />
            <line number="21" hits="1" branch="False" />
            <line number="22" hits="1" branch="False" />
          </lines>
        </class>
        <class line-rate="0.75" branch-rate="1" complexity="7" name="offers.itacademy.ge.Domain.Categories.Category" filename="C:\Users\irakl\Desktop\TBC .Net Course\Final Project\offers.itacademy.ge.Domain\Categories\Category.cs">
          <methods>
            <method line-rate="1" branch-rate="1" complexity="1" name="get_Id" signature="()">
              <lines>
                <line number="7" hits="1" branch="False" />
              </lines>
            </method>
            <method line-rate="1" branch-rate="1" complexity="1" name="set_Id" signature="(int)">
              <lines>
                <line number="7" hits="1" branch="False" />
              </lines>
            </method>
            <method line-rate="1" branch-rate="1" complexity="1" name="get_Name" signature="()">
              <lines>
                <line number="8" hits="1" branch="False" />
              </lines>
            </method>
            <method line-rate="1" branch-rate="1" complexity="1" name="set_Name" signature="(string)">
              <lines>
                <line number="8" hits="1" branch="False" />
              </lines>
            </method>
            <method line-rate="0" branch-rate="1" complexity="1" name="get_ProductOffers" signature="()">
              <lines>
                <line number="9" hits="0" branch="False" />
              </lines>
            </method>
            <method line-rate="0" branch-rate="1" complexity="1" name="set_ProductOffers" signature="(System.Collections.Generic.List&lt;offers.itacademy.ge.Domain.ProductOffers.ProductOffer&gt;)">
              <lines>
                <line number="9" hits="0" branch="False" />
              </lines>
            </method>
            <method line-rate="1" branch-rate="1" complexity="1" name=".ctor" signature="()">
              <lines>
                <line number="8" hits="1" branch="False" />
                <line number="9" hits="1" branch="False" />
              </lines>
            </method>
          </methods>
          <lines>
            <line number="7" hits="1" branch="False" />
            <line number="8" hits="1" branch="False" />
            <line number="9" hits="1" branch="False" />
          </lines>
        </class>
      </classes>
    </package>
  </packages>
</coverage>